<?xml version="1.0" encoding="UTF-8"?>
<!-- Generated by org.testng.reporters.JUnitReportReporter -->
<testsuite hostname="APMOSYSLT0446" failures="0" tests="1" name="Assessment.Assessment_3" time="12.057" errors="0" timestamp="2024-01-05T10:18:54 IST" skipped="0">
  <testcase classname="Assessment.Assessment_3" name="purchase_ticket" time="12.057"/>
  <system-out/>
</testsuite> <!-- Assessment.Assessment_3 -->
