<?xml version="1.0" encoding="UTF-8"?>
<!-- Generated by org.testng.reporters.JUnitReportReporter -->
<testsuite hostname="APMOSYSLT0446" failures="0" tests="1" name="Assessment.Assessment_2" time="21.721" errors="0" timestamp="2024-01-05T09:52:31 IST" skipped="0">
  <testcase classname="Assessment.Assessment_2" name="blezDemo_2" time="21.721"/>
  <system-out/>
</testsuite> <!-- Assessment.Assessment_2 -->
