<?xml version="1.0" encoding="UTF-8"?>
<!-- Generated by org.testng.reporters.JUnitReportReporter -->
<testsuite hostname="administrator-Lenovo-E41-55" failures="0" tests="3" name="com.crm.qa.testcases.LoginPageTest" time="19.605" errors="0" timestamp="2023-07-21T12:38:56 IST" skipped="0">
  <testcase classname="com.crm.qa.testcases.LoginPageTest" name="loginPageTitleTest" time="6.145"/>
  <system-out/>
  <testcase classname="com.crm.qa.testcases.LoginPageTest" name="signupwithgoogleImage" time="6.956"/>
  <system-out/>
  <testcase classname="com.crm.qa.testcases.LoginPageTest" name="loginTest" time="6.504"/>
  <system-out/>
</testsuite> <!-- com.crm.qa.testcases.LoginPageTest -->
