<?xml version="1.0" encoding="UTF-8"?>
<!-- Generated by org.testng.reporters.JUnitReportReporter -->
<testsuite hostname="administrator-Lenovo-E41-55" failures="0" tests="1" name="TestClass_Pkg.MyFirstTestCase" time="1.091" errors="0" timestamp="2023-05-20T10:45:05 IST" skipped="0">
  <testcase classname="TestClass_Pkg.MyFirstTestCase" name="T" time="1.091"/>
  <system-out/>
</testsuite> <!-- TestClass_Pkg.MyFirstTestCase -->
