<?xml version="1.0" encoding="UTF-8"?>
<!-- Generated by org.testng.reporters.JUnitReportReporter -->
<testsuite hostname="administrator-Lenovo-E41-55" failures="0" tests="1" name="TestClass_Pkg.Task_Ama_CreateAccount" time="8.111" errors="0" timestamp="2023-07-20T11:52:08 IST" skipped="0">
  <testcase classname="TestClass_Pkg.Task_Ama_CreateAccount" name="Amazon" time="8.111"/>
  <system-out/>
</testsuite> <!-- TestClass_Pkg.Task_Ama_CreateAccount -->
